# latest score -- use ASL_TEST_VER.asl and score_it.asl to execerise and run diagnostic of asl
# TEST/ITOC/SCORES has history of scores --- place latest and or release scores here
# latest

/////////////////////////////////// 2.64 He-Gd ///////////////////////////////////////
 2.64 Helium-Gadolinium  tests 1195  fail 3 pass 1192 pcc  99.75% 
 DONE: : bops.asl             :tests     10 :____      0  :Pass     10 :Score  100.0% 
 DONE: : fvmeq.asl            :tests     10 :____      0  :Pass     10 :Score  100.0% 
 DONE: : fsc1.asl             :tests      4 :____      0  :Pass      4 :Score  100.0% 
 DONE: : contin.asl           :tests      2 :____      0  :Pass      2 :Score  100.0% 
 DONE: : mod.asl              :tests      4 :____      0  :Pass      4 :Score  100.0% 
 DONE: : long.asl             :tests      3 :____      0  :Pass      3 :Score  100.0% 
 DONE: : short.asl            :tests      3 :____      0  :Pass      3 :Score  100.0% 
 DONE: : double.asl           :tests      3 :____      0  :Pass      3 :Score  100.0% 
 DONE: : float.asl            :tests      3 :____      0  :Pass      3 :Score  100.0% 
 DONE: : pan_type.asl         :tests      3 :____      0  :Pass      3 :Score  100.0% 
 DONE: : vops.asl             :tests      6 :____      0  :Pass      6 :Score  100.0% 
 DONE: : vopsele.asl          :tests      9 :____      0  :Pass      9 :Score  100.0% 
 DONE: : scat.asl             :tests      4 :____      0  :Pass      4 :Score  100.0% 
 DONE: : declare.asl          :tests     16 :____      0  :Pass     16 :Score  100.0% 
 DONE: : chardeclare.asl      :tests     15 :____      0  :Pass     15 :Score  100.0% 
 DONE: : scalar_dec.asl       :tests      5 :____      0  :Pass      5 :Score  100.0% 
 DONE: : floatdeclare.asl     :tests      4 :____      0  :Pass      4 :Score  100.0% 
 DONE: : arraydeclare.asl     :tests      3 :____      0  :Pass      3 :Score  100.0% 
 DONE: : proc_arg_func.asl    :tests      4 :____      0  :Pass      4 :Score  100.0% 
 DONE: : consts_test.asl      :tests      6 :____      0  :Pass      6 :Score  100.0% 
 DONE: : sexp.asl             :tests      2 :____      0  :Pass      2 :Score  100.0% 
 DONE: : if0.asl              :tests      7 :____      0  :Pass      7 :Score  100.0% 
 DONE: : if4.asl              :tests      8 :____      0  :Pass      8 :Score  100.0% 
 DONE: : if5.asl              :tests      4 :____      0  :Pass      4 :Score  100.0% 
 DONE: : if6.asl              :tests      7 :____      0  :Pass      7 :Score  100.0% 
 DONE: : logic.asl            :tests     19 :____      0  :Pass     19 :Score  100.0% 
 DONE: : logic2.asl           :tests      5 :____      0  :Pass      5 :Score  100.0% 
 DONE: : logic_def.asl        :tests      5 :____      0  :Pass      5 :Score  100.0% 
 DONE: : define.asl           :tests      2 :____      0  :Pass      2 :Score  100.0% 
 DONE: : colors_enum.asl      :tests      7 :____      0  :Pass      7 :Score  100.0% 
 DONE: : for.asl              :tests      3 :____      0  :Pass      3 :Score  100.0% 
 DONE: : while0.asl           :tests      5 :____      0  :Pass      5 :Score  100.0% 
 DONE: : switch.asl           :tests     11 :____      0  :Pass     11 :Score  100.0% 
 DONE: : switch2.asl          :tests      3 :____      0  :Pass      3 :Score  100.0% 
 DONE: : do0.asl              :tests      8 :____      0  :Pass      8 :Score  100.0% 
 DONE: : do1.asl              :tests      5 :____      0  :Pass      5 :Score  100.0% 
 DONE: : paraex.asl           :tests      4 :____      0  :Pass      4 :Score  100.0% 
  DONE: : ae.asl               :tests      2 :____      0  :Pass      2 :Score  100.0% 
 DONE: : arrayele.asl         :tests      3 :____      0  :Pass      3 :Score  100.0% 
 DONE: : arrayele0.asl        :tests      6 :____      0  :Pass      6 :Score  100.0% 
 DONE: : arrayele1.asl        :tests     18 :____      0  :Pass     18 :Score  100.0% 
 DONE: : arraysubvec.asl      :tests      3 :____      0  :Pass      3 :Score  100.0% 
 DONE: : arraysubsref.asl     :tests     17 :____      0  :Pass     17 :Score  100.0% 
 DONE: : arraysubsrange.asl   :tests      9 :____      0  :Pass      9 :Score  100.0% 
 DONE: : lhrange.asl          :tests      5 :____      0  :Pass      5 :Score  100.0% 
 DONE: : lhe.asl              :tests     18 :____      0  :Pass     18 :Score  100.0% 
 DONE: : joinarray.asl        :tests      3 :____      0  :Pass      3 :Score  100.0% 
 DONE: : vgen.asl             :tests      3 :____      0  :Pass      3 :Score  100.0% 
 DONE: : array_sr.asl         :tests      4 :____      0  :Pass      4 :Score  100.0% 
 DONE: : scalarvec.asl        :tests     12 :____      0  :Pass     12 :Score  100.0% 
 DONE: : mdimn0.asl           :tests      2 :____      0  :Pass      2 :Score  100.0% 
 DONE: : mat_mul.asl          :tests      6 :____      0  :Pass      6 :Score  100.0% 
 DONE: : msquare.asl          :tests      4 :____      0  :Pass      4 :Score  100.0% 
 DONE: : diag.asl             :tests      4 :____      0  :Pass      4 :Score  100.0% 
 DONE: : dynv0.asl            :tests     10 :____      0  :Pass     10 :Score  100.0% 
 DONE: : lharraysubsrange.asl :tests      1 :____      0  :Pass      1 :Score  100.0% 
 DONE: : func.asl             :tests      2 :____      0  :Pass      2 :Score  100.0% 
 DONE: : func0.asl            :tests      3 :____      0  :Pass      3 :Score  100.0% 
 DONE: : func1.asl            :tests      3 :____      0  :Pass      3 :Score  100.0% 
 DONE: : funcargs.asl         :tests      2 :____      0  :Pass      2 :Score  100.0% 
 DONE: : command.asl          :tests      5 :____      0  :Pass      5 :Score  100.0% 
 DONE: : proc.asl             :tests      5 :____      0  :Pass      5 :Score  100.0% 
 DONE: : procret0.asl         :tests     11 :____      0  :Pass     11 :Score  100.0% 
 DONE: : procarg.asl          :tests      5 :____      0  :Pass      5 :Score  100.0% 
 DONE: : proc_sv0.asl         :tests      5 :____      0  :Pass      5 :Score  100.0% 
 DONE: : procrefarg.asl       :tests      4 :____      0  :Pass      4 :Score  100.0% 
 DONE: : swap.asl             :tests     10 :____      0  :Pass     10 :Score  100.0% 
 DONE: : static.asl           :tests     10 :____      0  :Pass     10 :Score  100.0% 
 DONE: : xyassign.asl         :tests      8 :____      0  :Pass      8 :Score  100.0% 
 DONE: : fact.asl             :tests      4 :____      0  :Pass      4 :Score  100.0% 
 DONE: : svar1.asl            :tests      4 :____      0  :Pass      4 :Score  100.0% 
 DONE: : svar_declare.asl     :tests      2 :____      0  :Pass      2 :Score  100.0% 
 DONE: : svelepr.asl          :tests      2 :____      0  :Pass      2 :Score  100.0% 
 DONE: : ivar.asl             :tests      4 :____      0  :Pass      4 :Score  100.0% 
 DONE: : sscan.asl            :tests      6 :____      0  :Pass      6 :Score  100.0% 
 DONE: : bscan.asl            :tests      6 :____      0  :Pass      6 :Score  100.0% 
 DONE: : cut.asl              :tests      4 :____      0  :Pass      4 :Score  100.0% 
 DONE: : shift.asl            :tests     11 :____      0  :Pass     11 :Score  100.0% 
 DONE: : chem0.asl            :tests      5 :____      0  :Pass      5 :Score  100.0% 
 DONE: : inewton.asl          :tests      1 :____      0  :Pass      1 :Score  100.0% 
 DONE: : inewton_cbrt.asl     :tests      1 :____      0  :Pass      1 :Score  100.0% 
 DONE: : opxeq.asl            :tests      8 :____      0  :Pass      8 :Score  100.0% 
 DONE: : prime_127.asl        :tests      1 :____      0  :Pass      1 :Score  100.0% 
 DONE: : checkvm.asl          :tests     12 :____      0  :Pass     12 :Score  100.0% 
 DONE: : polyn.asl            :tests      6 :____      0  :Pass      6 :Score  100.0% 
 DONE: : list.asl             :tests      8 :____      0  :Pass      8 :Score  100.0% 
 DONE: : listele.asl          :tests      2 :____      0  :Pass      2 :Score  100.0% 
 DONE: : classbops.asl        :tests     21 :____      0  :Pass     21 :Score  100.0% 
 DONE: : class1.asl           :tests      3 :____      0  :Pass      3 :Score  100.0% 
 DONE: : classvar.asl         :tests      4 :____      0  :Pass      4 :Score  100.0% 
 DONE: : class_array.asl      :tests      2 :____      0  :Pass      2 :Score  100.0% 
 DONE: : rp2.asl              :tests      1 :____      0  :Pass      1 :Score  100.0% 
 DONE: : oa.asl               :tests      7 :____      0  :Pass      7 :Score  100.0% 
 DONE: : oa2.asl              :tests     35 :____      0  :Pass     35 :Score  100.0% 
 DONE: : sh.asl               :tests      3 :____      0  :Pass      3 :Score  100.0% 
 DONE: : mh.asl               :tests      2 :____      0  :Pass      2 :Score  100.0% 
 DONE: : obcopy.asl           :tests      6 :____      0  :Pass      6 :Score  100.0% 
 DONE: : bugfix_40.asl        :tests      1 :____      0  :Pass      1 :Score  100.0% 
 DONE: : bugfix_46.asl        :tests      1 :____      0  :Pass      1 :Score  100.0% 
 DONE: : bugfix_59.asl        :tests      6 :____      0  :Pass      6 :Score  100.0% 
 EOF 
 2.64 Gadolinium  tests 604  fail 0 pass 604 ipcc 100.00% 

 DONE: : ./bops               :tests     10 :____      0  :Pass     10 :Score  100.0% 
  DONE: : ./fvmeq              :tests     10 :____      0  :Pass     10 :Score  100.0% 
  DONE: : ./fsc1               :tests      4 :____      0  :Pass      4 :Score  100.0% 
  DONE: : ./contin             :tests      2 :____      0  :Pass      2 :Score  100.0% 
  DONE: : ./mod                :tests      4 :____      0  :Pass      4 :Score  100.0% 
  DONE: : ./long               :tests      3 :____      0  :Pass      3 :Score  100.0% 
  DONE: : ./short              :tests      3 :____      0  :Pass      3 :Score  100.0% 
  DONE: : ./double             :tests      3 :____      0  :Pass      3 :Score  100.0% 
  DONE: : ./float              :tests      3 :____      0  :Pass      3 :Score  100.0% 
  DONE: : ./vops               :tests      6 :____      0  :Pass      6 :Score  100.0% 
  DONE: : ./vopsele            :tests      9 :____      0  :Pass      9 :Score  100.0% 
  DONE: : ./scat               :tests      4 :____      0  :Pass      4 :Score  100.0% 
  DONE: : ./declare            :tests     16 :____      0  :Pass     16 :Score  100.0% 
  DONE: : ./chardeclare        :tests     15 :____      0  :Pass     15 :Score  100.0% 
  DONE: : ./scalar_dec         :tests      5 :____      0  :Pass      5 :Score  100.0% 
  DONE: : ./floatdeclare       :tests      4 :____      0  :Pass      4 :Score  100.0% 
  DONE: : ./arraydeclare       :tests      3 :____      0  :Pass      3 :Score  100.0% 
  DONE: : ./proc_arg_func      :tests      4 :____      0  :Pass      4 :Score  100.0% 
  DONE: : ./sexp               :tests      2 :____      0  :Pass      2 :Score  100.0% 
  DONE: : ./if0                :tests      7 :____      0  :Pass      7 :Score  100.0% 
  DONE: : ./if4                :tests      8 :____      0  :Pass      8 :Score  100.0% 
  DONE: : ./if5                :tests      4 :____      0  :Pass      4 :Score  100.0% 
  DONE: : ./if6                :tests      7 :____      0  :Pass      7 :Score  100.0% 
  DONE: : ./logic              :tests     19 :____      0  :Pass     19 :Score  100.0% 
  DONE: : ./logic2             :tests      5 :____      0  :Pass      5 :Score  100.0% 
  DONE: : ./logic_def          :tests      5 :____      0  :Pass      5 :Score  100.0% 
  DONE: : ./define             :tests      2 :____      0  :Pass      2 :Score  100.0% 
  DONE: : ./colors_enum        :tests      7 :____      0  :Pass      7 :Score  100.0% 
  DONE: : ./for                :tests      3 :____      0  :Pass      3 :Score  100.0% 
  DONE: : ./while0             :tests      5 :____      0  :Pass      5 :Score  100.0% 
  DONE: : ./switch             :tests     11 :____      0  :Pass     11 :Score  100.0% 
  DONE: : ./switch2            :tests      3 :____      0  :Pass      3 :Score  100.0% 
  DONE: : ./do0                :tests      8 :____      0  :Pass      8 :Score  100.0% 
  DONE: : ./do1                :tests      5 :____      0  :Pass      5 :Score  100.0% 
  DONE: : ./paraex             :tests      4 :____      0  :Pass      4 :Score  100.0% 
   DONE: : ./ae                 :tests      2 :____      0  :Pass      2 :Score  100.0% 
  DONE: : ./arrayele           :tests      3 :____      0  :Pass      3 :Score  100.0% 
  DONE: : ./arrayele0          :tests      6 :____      0  :Pass      6 :Score  100.0% 
  DONE: : ./arrayele1          :tests     18 :____      0  :Pass     18 :Score  100.0% 
  DONE: : ./arraysubvec        :tests      3 :____      0  :Pass      3 :Score  100.0% 
  DONE: : ./arraysubsref       :tests     17 :____      0  :Pass     17 :Score  100.0% 
  DONE: : ./arraysubsrange     :tests      9 :____      0  :Pass      9 :Score  100.0% 
  DONE: : ./lhrange            :tests      5 :____      0  :Pass      5 :Score  100.0% 
  DONE: : ./lhe                :tests     18 :____      0  :Pass     18 :Score  100.0% 
  DONE: : ./joinarray          :tests      3 :____      0  :Pass      3 :Score  100.0% 
  DONE: : ./vgen               :tests      3 :____      0  :Pass      3 :Score  100.0% 
  DONE: : ./array_sr           :tests      4 :____      0  :Pass      4 :Score  100.0% 
  DONE: : ./scalarvec          :tests     12 :____      0  :Pass     12 :Score  100.0% 
  DONE: : ./mdimn0             :tests      2 :____      0  :Pass      2 :Score  100.0% 
  DONE: : ./mat_mul            :tests      6 :____      0  :Pass      6 :Score  100.0% 
  DONE: : ./msquare            :tests      4 :____      0  :Pass      4 :Score  100.0% 
  DONE: : ./diag               :tests      4 :____      0  :Pass      4 :Score  100.0% 
  DONE: : ./dynv0              :tests     10 :____      0  :Pass     10 :Score  100.0% 
  DONE: : ./lharraysubsrange   :tests      1 :____      0  :Pass      1 :Score  100.0% 
  DONE: : ./func               :tests      2 :____      0  :Pass      2 :Score  100.0% 
  DONE: : ./func0              :tests      3 :____      0  :Pass      3 :Score  100.0% 
  DONE: : ./func1              :tests      3 :____      0  :Pass      3 :Score  100.0% 
  DONE: : ./funcargs           :tests      2 :____      0  :Pass      2 :Score  100.0% 
  DONE: : ./command            :tests      5 :____      0  :Pass      5 :Score  100.0% 
  DONE: : ./proc               :tests      5 :____      0  :Pass      5 :Score  100.0% 
  DONE: : ./procret0           :tests     11 :____      0  :Pass     11 :Score  100.0% 
  DONE: : ./procarg            :tests      5 :____      0  :Pass      5 :Score  100.0% 
  DONE: : ./proc_sv0           :tests      5 :____      0  :Pass      5 :Score  100.0% 
  DONE: : ./procrefarg         :tests      4 :____      0  :Pass      4 :Score  100.0% 
  DONE: : ./swap               :tests     10 :____      0  :Pass     10 :Score  100.0% 
  DONE: : ./static             :tests     10 :____      0  :Pass     10 :Score  100.0% 
  DONE: : ./xyassign           :tests      8 :____      0  :Pass      8 :Score  100.0% 
  DONE: : ./fact               :tests      4 :____      0  :Pass      4 :Score  100.0% 
  DONE: : ./svar1              :tests      4 :____      0  :Pass      4 :Score  100.0% 
  DONE: : ./svar_declare       :tests      2 :____      0  :Pass      2 :Score  100.0% 
  DONE: : ./svelepr            :tests      2 :____      0  :Pass      2 :Score  100.0% 
  DONE: : ./ivar               :tests      4 :____      0  :Pass      4 :Score  100.0% 
  DONE: : ./sscan              :tests      6 :____      0  :Pass      6 :Score  100.0% 
  DONE: : ./bscan              :tests      6 :____      0  :Pass      6 :Score  100.0% 
  DONE: : ./shift              :tests     11 :____      0  :Pass     11 :Score  100.0% 
  DONE: : ./chem0              :tests      5 :____      0  :Pass      5 :Score  100.0% 
  DONE: : ./inewton            :tests      1 :____      0  :Pass      1 :Score  100.0% 
  DONE: : ./inewton_cbrt       :tests      1 :____      0  :Pass      1 :Score  100.0% 
  DONE: : ./opxeq              :tests      8 :____      0  :Pass      8 :Score  100.0% 
  DONE: : ./prime_127          :tests      1 :____      0  :Pass      1 :Score  100.0% 
  DONE: : ./checkvm            :tests     12 :____      0  :Pass     12 :Score  100.0% 
  DONE: : ./polyn              :tests      6 :____      0  :Pass      6 :Score  100.0% 
  DONE: : ./list               :tests      8 :Fail      1  :Pass      7 :Score   87.5% 
  DONE: : ./listele            :tests      2 :____      0  :Pass      2 :Score  100.0% 
  DONE: : ./classbops          :tests     21 :____      0  :Pass     21 :Score  100.0% 
  DONE: : ./class1             :tests      3 :____      0  :Pass      3 :Score  100.0% 
  DONE: : ./classvar           :tests      4 :____      0  :Pass      4 :Score  100.0% 
  DONE: : ./class_array        :tests      2 :____      0  :Pass      2 :Score  100.0% 
  DONE: : ./rp2                :tests      1 :____      0  :Pass      1 :Score  100.0% 
  DONE: : ./oa                 :tests      7 :____      0  :Pass      7 :Score  100.0% 
  DONE: : ./oa2                :tests     35 :____      0  :Pass     35 :Score  100.0% 
  DONE: : ./sh                 :tests      3 :____      0  :Pass      3 :Score  100.0% 
  DONE: : ./mh                 :tests      2 :____      0  :Pass      2 :Score  100.0% 
  DONE: : ./obcopy             :tests      6 :Fail      2 :Pass      4 :Score   66.7% 
  DONE: : ./bugfix_40          :tests      1 :____      0  :Pass      1 :Score  100.0% 
  DONE: : ./bugfix_46          :tests      1 :____      0  :Pass      1 :Score  100.0% 
  DONE: : ./bugfix_59          :tests      6 :____      0  :Pass      6 :Score  100.0% 
  64 Gadolinium
 2.64 I Gadolinium prgs 97  tests 604  fail 0 pass 604 ipcc 100.00% 

 2.64 OC Gadolinium prgs 100  tests 591  failx 3 passx 588 pcc  99.49% 

 2.64 Helium-Gadolinium  tests 1195  fail 3 pass 1192 pcc  99.75% 

  ERROR --- FAIL ./list 
  ERROR --- FAIL ./obcopy 
 
///////////////////////////////////////////////////////////////////////////////////////
 DONE: : bops.asl             :tests     10 :____      0  :Pass     10 :Score  100.0% 
  DONE: : bops.asl             :tests     10 :____      0  :Pass     10 :Score  100.0% 
  DONE: : fvmeq.asl            :tests     10 :____      0  :Pass     10 :Score  100.0% 
  DONE: : fsc1.asl             :tests      4 :____      0  :Pass      4 :Score  100.0% 
  DONE: : contin.asl           :tests      2 :____      0  :Pass      2 :Score  100.0% 
  DONE: : mod.asl              :tests      4 :____      0  :Pass      4 :Score  100.0% 
  DONE: : char.asl             :tests      4 :____      0  :Pass      4 :Score  100.0% 
  DONE: : long.asl             :tests      3 :____      0  :Pass      3 :Score  100.0% 
  DONE: : short.asl            :tests      3 :____      0  :Pass      3 :Score  100.0% 
  DONE: : double.asl           :tests      3 :____      0  :Pass      3 :Score  100.0% 
  DONE: : float.asl            :tests      3 :____      0  :Pass      3 :Score  100.0% 
  DONE: : pan_type.asl         :tests      2 :____      0  :Pass      2 :Score  100.0% 
  DONE: : vops.asl             :tests      3 :____      0  :Pass      3 :Score  100.0% 
  DONE: : vopsele.asl          :tests      9 :____      0  :Pass      9 :Score  100.0% 
  DONE: : scat.asl             :tests      4 :____      0  :Pass      4 :Score  100.0% 
  DONE: : scmp.asl             :tests      5 :____      0  :Pass      5 :Score  100.0% 
  DONE: : declare.asl          :tests      7 :____      0  :Pass      7 :Score  100.0% 
  DONE: : chardeclare.asl      :tests     15 :____      0  :Pass     15 :Score  100.0% 
  DONE: : scalar_dec.asl       :tests      5 :Fail      1 :Pass      4 :Score   80.0% 
  DONE: : floatdeclare.asl     :tests      4 :____      0  :Pass      4 :Score  100.0% 
  DONE: : arraydeclare.asl     :tests      3 :____      0  :Pass      3 :Score  100.0% 
  DONE: : proc_arg_func.asl    :tests      4 :____      0  :Pass      4 :Score  100.0% 
  DONE: : consts_test.asl      :tests      5 :____      0  :Pass      5 :Score  100.0% 
  DONE: : sexp.asl             :tests      8 :____      0  :Pass      8 :Score  100.0% 
  DONE: : if0.asl              :tests      7 :____      0  :Pass      7 :Score  100.0% 
  DONE: : if4.asl              :tests      8 :Fail      1 :Pass      7 :Score   87.5% 
  DONE: : if5.asl              :tests      4 :____      0  :Pass      4 :Score  100.0% 
  DONE: : if6.asl              :tests      7 :____      0  :Pass      7 :Score  100.0% 
  DONE: : logic.asl            :tests     19 :____      0  :Pass     19 :Score  100.0% 
  DONE: : logic2.asl           :tests      5 :____      0  :Pass      5 :Score  100.0% 
  DONE: : logic_def.asl        :tests      5 :____      0  :Pass      5 :Score  100.0% 
  DONE: : define.asl           :tests      2 :____      0  :Pass      2 :Score  100.0% 
  DONE: : colors_enum.asl      :tests     10 :____      0  :Pass     10 :Score  100.0% 
  DONE: : for.asl              :tests      3 :____      0  :Pass      3 :Score  100.0% 
  DONE: : while0.asl           :tests      5 :____      0  :Pass      5 :Score  100.0% 
  DONE: : switch.asl           :tests     11 :____      0  :Pass     11 :Score  100.0% 
  DONE: : switch2.asl          :tests      3 :____      0  :Pass      3 :Score  100.0% 
  DONE: : do0.asl              :tests      8 :____      0  :Pass      8 :Score  100.0% 
  DONE: : do1.asl              :tests      5 :____      0  :Pass      5 :Score  100.0% 
  DONE: : paraex.asl           :tests      5 :____      0  :Pass      5 :Score  100.0% 
   DONE: : ae.asl               :tests      2 :____      0  :Pass      2 :Score  100.0% 
  DONE: : arrayele0.asl        :tests      6 :Fail      4 :Pass      2 :Score   33.3% 
  DONE: : arrayele1.asl        :tests     18 :Fail      3 :Pass     15 :Score   83.3% 
  DONE: : arraysubvec.asl      :tests      3 :____      0  :Pass      3 :Score  100.0% 
  DONE: : arraysubsref.asl     :tests     17 :____      0  :Pass     17 :Score  100.0% 
  DONE: : arraysubsrange.asl   :tests      9 :Fail      2 :Pass      7 :Score   77.8% 
  DONE: : lhrange.asl          :tests      6 :____      0  :Pass      6 :Score  100.0% 
  DONE: : lhe.asl              :tests     18 :____      0  :Pass     18 :Score  100.0% 
  DONE: : joinarray.asl        :tests      3 :____      0  :Pass      3 :Score  100.0% 
  DONE: : vgen.asl             :tests      3 :____      0  :Pass      3 :Score  100.0% 
  DONE: : array_sr.asl         :tests      4 :____      0  :Pass      4 :Score  100.0% 
  DONE: : scalarvec.asl        :tests     12 :____      0  :Pass     12 :Score  100.0% 
  DONE: : m3d.asl              :tests     12 :____      0  :Pass     12 :Score  100.0% 
  DONE: : md_assign.asl        :tests      2 :____      0  :Pass      2 :Score  100.0% 
  DONE: : mdimn0.asl           :tests      2 :____      0  :Pass      2 :Score  100.0% 
  DONE: : mat_mul.asl          :tests      6 :____      0  :Pass      6 :Score  100.0% 
  DONE: : msquare.asl          :tests      4 :____      0  :Pass      4 :Score  100.0% 
  DONE: : diag.asl             :tests      4 :____      0  :Pass      4 :Score  100.0% 
  DONE: : dynv0.asl            :tests     22 :____      0  :Pass     22 :Score  100.0% 
  DONE: : dynv2.asl            :tests      5 :____      0  :Pass      5 :Score  100.0% 
  DONE: : func.asl             :tests      2 :Fail      2 :Pass      0 :Score    0.0% 
  DONE: : func0.asl            :tests      3 :____      0  :Pass      3 :Score  100.0% 
  DONE: : func1.asl            :tests      3 :____      0  :Pass      3 :Score  100.0% 
  DONE: : funcargs.asl         :tests      2 :____      0  :Pass      2 :Score  100.0% 
  DONE: : command.asl          :tests      5 :____      0  :Pass      5 :Score  100.0% 
  DONE: : proc.asl             :tests      5 :____      0  :Pass      5 :Score  100.0% 
  DONE: : procret0.asl         :tests     11 :____      0  :Pass     11 :Score  100.0% 
  DONE: : proc_sv0.asl         :tests      5 :____      0  :Pass      5 :Score  100.0% 
  DONE: : procrefarg.asl       :tests      4 :____      0  :Pass      4 :Score  100.0% 
  DONE: : arrayarg1.asl        :tests      4 :____      0  :Pass      4 :Score  100.0% 
  DONE: : arrayarg2.asl        :tests      4 :____      0  :Pass      4 :Score  100.0% 
  DONE: : swap.asl             :tests     10 :____      0  :Pass     10 :Score  100.0% 
  DONE: : static.asl           :tests     10 :____      0  :Pass     10 :Score  100.0% 
  DONE: : xyassign.asl         :tests      8 :____      0  :Pass      8 :Score  100.0% 
  DONE: : fact.asl             :tests      4 :____      0  :Pass      4 :Score  100.0% 
  DONE: : svar1.asl            :tests      4 :____      0  :Pass      4 :Score  100.0% 
  DONE: : svar_declare.asl     :tests      2 :____      0  :Pass      2 :Score  100.0% 
  DONE: : svelepr.asl          :tests      2 :Fail      2 :Pass      0 :Score    0.0% 
  DONE: : ivar.asl             :tests      4 :____      0  :Pass      4 :Score  100.0% 
  DONE: : inewton.asl          :tests      1 :____      0  :Pass      1 :Score  100.0% 
  DONE: : inewton_cbrt.asl     :tests      1 :____      0  :Pass      1 :Score  100.0% 
  DONE: : opxeq.asl            :tests      8 :____      0  :Pass      8 :Score  100.0% 
  DONE: : prime_127.asl        :tests      1 :____      0  :Pass      1 :Score  100.0% 
  DONE: : checkvm.asl          :tests     12 :Fail      6 :Pass      6 :Score   50.0% 
  DONE: : polyn.asl            :tests      6 :Fail      4 :Pass      2 :Score   33.3% 
  DONE: : list.asl             :tests     10 :____      0  :Pass     10 :Score  100.0% 
  DONE: : listele.asl          :tests      2 :____      0  :Pass      2 :Score  100.0% 
  DONE: : classbops.asl        :tests     21 :Fail      3 :Pass     18 :Score   85.7% 
  DONE: : class1.asl           :tests      3 :Fail      1 :Pass      2 :Score   66.7% 
  DONE: : classvar.asl         :tests      4 :____      0  :Pass      4 :Score  100.0% 
  DONE: : rp2.asl              :tests      1 :____      0  :Pass      1 :Score  100.0% 
  DONE: : oa.asl               :tests      7 :____      0  :Pass      7 :Score  100.0% 
  DONE: : oa2.asl              :tests     37 :____      0  :Pass     37 :Score  100.0% 
  DONE: : sh.asl               :tests      3 :____      0  :Pass      3 :Score  100.0% 
  DONE: : obcopy.asl           :tests      6 :____      0  :Pass      6 :Score  100.0% 
  DONE: : mih.asl              :tests      2 :____      0  :Pass      2 :Score  100.0% 
  DONE: : sscan.asl            :tests      7 :____      0  :Pass      7 :Score  100.0% 
  DONE: : bscan.asl            :tests      6 :____      0  :Pass      6 :Score  100.0% 
  DONE: : cut.asl              :tests      4 :____      0  :Pass      4 :Score  100.0% 
  DONE: : cmp.asl              :tests      5 :____      0  :Pass      5 :Score  100.0% 
  DONE: : shift.asl            :tests     11 :____      0  :Pass     11 :Score  100.0% 
  DONE: : median.asl           :tests      4 :____      0  :Pass      4 :Score  100.0% 
  DONE: : chem0.asl            :tests      5 :____      0  :Pass      5 :Score  100.0% 
  DONE: : lip.asl              :tests      8 :____      0  :Pass      8 :Score  100.0% 
  DONE: : bugfix_40.asl        :tests      1 :____      0  :Pass      1 :Score  100.0% 
  DONE: : bugfix_46.asl        :tests      1 :____      0  :Pass      1 :Score  100.0% 
  DONE: : bugfix_59.asl        :tests      6 :____      0  :Pass      6 :Score  100.0% 
  DONE: : threads.asl          :tests      1 :____      0  :Pass      1 :Score  100.0% 
 EOF 
 4.62 Samarium  tests 671  fail 29 pass 642 ipcc n 95.68% 

  DONE: : ./bops               :tests     10 :____      0  :Pass     10 :Score  100.0% 
   DONE: : ./bops               :tests     10 :____      0  :Pass     10 :Score  100.0% 
   DONE: : ./fvmeq              :tests     10 :____      0  :Pass     10 :Score  100.0% 
   DONE: : ./fsc1               :tests      4 :____      0  :Pass      4 :Score  100.0% 
   DONE: : ./contin             :tests      2 :____      0  :Pass      2 :Score  100.0% 
   DONE: : ./mod                :tests      4 :____      0  :Pass      4 :Score  100.0% 
   DONE: : ./char               :tests      4 :____      0  :Pass      4 :Score  100.0% 
   DONE: : ./long               :tests      3 :Fail      1 :Pass      2 :Score   66.7% 
   DONE: : ./short              :tests      3 :____      0  :Pass      3 :Score  100.0% 
   DONE: : ./double             :tests      3 :____      0  :Pass      3 :Score  100.0% 
   DONE: : ./float              :tests      3 :____      0  :Pass      3 :Score  100.0% 
   DONE: : ./pan_type           :tests      2 :____      0  :Pass      2 :Score  100.0% 
   DONE: : ./vops               :tests      3 :____      0  :Pass      3 :Score  100.0% 
   DONE: : ./vopsele            :tests      9 :____      0  :Pass      9 :Score  100.0% 
   DONE: : ./scmp               :tests      5 :____      0  :Pass      5 :Score  100.0% 
   DONE: : ./declare            :tests      7 :____      0  :Pass      7 :Score  100.0% 
   DONE: : ./scalar_dec         :tests      5 :Fail      1 :Pass      4 :Score   80.0% 
   DONE: : ./floatdeclare       :tests      4 :____      0  :Pass      4 :Score  100.0% 
   DONE: : ./arraydeclare       :tests      3 :____      0  :Pass      3 :Score  100.0% 
   DONE: : ./consts_test        :tests      5 :Fail      2 :Pass      3 :Score   60.0% 
   DONE: : ./sexp               :tests      8 :____      0  :Pass      8 :Score  100.0% 
   DONE: : ./if0                :tests      7 :____      0  :Pass      7 :Score  100.0% 
   DONE: : ./if4                :tests      8 :Fail      1 :Pass      7 :Score   87.5% 
   DONE: : ./if5                :tests      4 :____      0  :Pass      4 :Score  100.0% 
   DONE: : ./if6                :tests      7 :____      0  :Pass      7 :Score  100.0% 
   DONE: : ./logic              :tests     19 :____      0  :Pass     19 :Score  100.0% 
   DONE: : ./logic2             :tests      5 :____      0  :Pass      5 :Score  100.0% 
   DONE: : ./logic_def          :tests      5 :____      0  :Pass      5 :Score  100.0% 
   DONE: : ./define             :tests      2 :____      0  :Pass      2 :Score  100.0% 
   DONE: : ./colors_enum        :tests     10 :____      0  :Pass     10 :Score  100.0% 
   DONE: : ./for                :tests      3 :____      0  :Pass      3 :Score  100.0% 
   DONE: : ./while0             :tests      5 :____      0  :Pass      5 :Score  100.0% 
   DONE: : ./switch             :tests     11 :____      0  :Pass     11 :Score  100.0% 
   DONE: : ./switch2            :tests      3 :____      0  :Pass      3 :Score  100.0% 
   DONE: : ./do0                :tests      8 :____      0  :Pass      8 :Score  100.0% 
   DONE: : ./do1                :tests      5 :____      0  :Pass      5 :Score  100.0% 
    DONE: : ./ae                 :tests      2 :____      0  :Pass      2 :Score  100.0% 
   DONE: : ./arrayele0          :tests      6 :Fail      4 :Pass      2 :Score   33.3% 
   DONE: : ./arrayele1          :tests     18 :Fail      3 :Pass     15 :Score   83.3% 
   DONE: : ./arraysubvec        :tests      3 :____      0  :Pass      3 :Score  100.0% 
   DONE: : ./arraysubsref       :tests     17 :____      0  :Pass     17 :Score  100.0% 
   DONE: : ./arraysubsrange     :tests      9 :Fail      5 :Pass      4 :Score   44.4% 
   DONE: : ./lhrange            :tests      6 :____      0  :Pass      6 :Score  100.0% 
   DONE: : ./lhe                :tests     18 :____      0  :Pass     18 :Score  100.0% 
   DONE: : ./joinarray          :tests      3 :____      0  :Pass      3 :Score  100.0% 
   DONE: : ./vgen               :tests      3 :____      0  :Pass      3 :Score  100.0% 
   DONE: : ./array_sr           :tests      4 :____      0  :Pass      4 :Score  100.0% 
   DONE: : ./scalarvec          :tests     12 :____      0  :Pass     12 :Score  100.0% 
   DONE: : ./m3d                :tests     12 :____      0  :Pass     12 :Score  100.0% 
   DONE: : ./md_assign          :tests      2 :____      0  :Pass      2 :Score  100.0% 
   DONE: : ./mdimn0             :tests      2 :____      0  :Pass      2 :Score  100.0% 
   DONE: : ./mat_mul            :tests      6 :____      0  :Pass      6 :Score  100.0% 
   DONE: : ./msquare            :tests      4 :____      0  :Pass      4 :Score  100.0% 
   DONE: : ./diag               :tests      4 :____      0  :Pass      4 :Score  100.0% 
   DONE: : ./func               :tests      2 :Fail      2 :Pass      0 :Score    0.0% 
   DONE: : ./func0              :tests      3 :____      0  :Pass      3 :Score  100.0% 
   DONE: : ./func1              :tests      3 :____      0  :Pass      3 :Score  100.0% 
   DONE: : ./funcargs           :tests      2 :____      0  :Pass      2 :Score  100.0% 
   DONE: : ./command            :tests      5 :____      0  :Pass      5 :Score  100.0% 
   DONE: : ./proc               :tests      5 :____      0  :Pass      5 :Score  100.0% 
   DONE: : ./procret0           :tests     11 :____      0  :Pass     11 :Score  100.0% 
   DONE: : ./proc_sv0           :tests      5 :____      0  :Pass      5 :Score  100.0% 
   DONE: : ./procrefarg         :tests      4 :____      0  :Pass      4 :Score  100.0% 
   DONE: : ./arrayarg1          :tests      4 :____      0  :Pass      4 :Score  100.0% 
   DONE: : ./arrayarg2          :tests      4 :____      0  :Pass      4 :Score  100.0% 
   DONE: : ./swap               :tests     10 :____      0  :Pass     10 :Score  100.0% 
   DONE: : ./static             :tests     10 :____      0  :Pass     10 :Score  100.0% 
   DONE: : ./xyassign           :tests      8 :____      0  :Pass      8 :Score  100.0% 
   DONE: : ./fact               :tests      4 :____      0  :Pass      4 :Score  100.0% 
   DONE: : ./svar1              :tests      4 :____      0  :Pass      4 :Score  100.0% 
   DONE: : ./svar_declare       :tests      2 :____      0  :Pass      2 :Score  100.0% 
   DONE: : ./svelepr            :tests      2 :____      0  :Pass      2 :Score  100.0% 
   DONE: : ./ivar               :tests      4 :____      0  :Pass      4 :Score  100.0% 
   DONE: : ./inewton            :tests      1 :____      0  :Pass      1 :Score  100.0% 
   DONE: : ./inewton_cbrt       :tests      1 :____      0  :Pass      1 :Score  100.0% 
   DONE: : ./opxeq              :tests      8 :____      0  :Pass      8 :Score  100.0% 
   DONE: : ./prime_127          :tests      1 :____      0  :Pass      1 :Score  100.0% 
   DONE: : ./checkvm            :tests     12 :____      0  :Pass     12 :Score  100.0% 
   DONE: : ./polyn              :tests      6 :____      0  :Pass      6 :Score  100.0% 
   DONE: : ./list               :tests     10 :____      0  :Pass     10 :Score  100.0% 
   DONE: : ./listele            :tests      2 :____      0  :Pass      2 :Score  100.0% 
   DONE: : ./classbops          :tests     21 :Fail      3 :Pass     18 :Score   85.7% 
   DONE: : ./class1             :tests      3 :Fail      1 :Pass      2 :Score   66.7% 
   DONE: : ./classvar           :tests      4 :____      0  :Pass      4 :Score  100.0% 
   DONE: : ./sh                 :tests      3 :____      0  :Pass      3 :Score  100.0% 
   DONE: : ./obcopy             :tests      6 :____      0  :Pass      6 :Score  100.0% 
   DONE: : ./mih                :tests      2 :____      0  :Pass      2 :Score  100.0% 
   DONE: : ./sscan              :tests      7 :____      0  :Pass      7 :Score  100.0% 
   DONE: : ./bscan              :tests      6 :____      0  :Pass      6 :Score  100.0% 
   DONE: : ./cut                :tests      4 :____      0  :Pass      4 :Score  100.0% 
   DONE: : ./cmp                :tests      5 :____      0  :Pass      5 :Score  100.0% 
   DONE: : ./shift              :tests     11 :____      0  :Pass     11 :Score  100.0% 
   DONE: : ./median             :tests      4 :____      0  :Pass      4 :Score  100.0% 
   DONE: : ./chem0              :tests      5 :____      0  :Pass      5 :Score  100.0% 
   DONE: : ./lip                :tests      8 :____      0  :Pass      8 :Score  100.0% 
   DONE: : ./bugfix_40          :tests      1 :____      0  :Pass      1 :Score  100.0% 
   DONE: : ./bugfix_59          :tests      6 :____      0  :Pass      6 :Score  100.0% 
   DONE: : ./threads            :tests      1 :____      0  :Pass      1 :Score  100.0% 
 Mon May 27 12:59:32 2013 
  62 Samarium
 4.62 I Samarium prgs 98  tests 671  fail 29 pass 642 ipcc  95.68% 

 4.62 OC Samarium prgs 108  tests 570  failx 23 passx 547 pcc  95.96% 

 4.62 Beryllium-Samarium  tests 1241  fail 52 pass 1189 pcc  95.81% 

   ERROR --- FAIL ./long 
  ERROR --- FAIL scalar_dec 
  ERROR --- FAIL ./scalar_dec 
  ERROR --- FAIL ./consts_test 
  ERROR --- FAIL if4 
  ERROR --- FAIL ./if4 
  ERROR --- FAIL arrayele0 
  ERROR --- FAIL ./arrayele0 
  ERROR --- FAIL arrayele1 
  ERROR --- FAIL ./arrayele1 
  ERROR --- FAIL arraysubsrange 
  ERROR --- FAIL ./arraysubsrange 
  ERROR --- FAIL lharraysubsrange 
  ERROR --- FAIL func 
  ERROR --- FAIL ./func 
  ERROR --- FAIL procarg 
  ERROR --- FAIL svelepr 
  ERROR --- FAIL checkvm 
  ERROR --- FAIL polyn 
  ERROR --- FAIL classbops 
  ERROR --- FAIL ./classbops 
  ERROR --- FAIL class1 
  ERROR --- FAIL ./class1 
  ERROR --- FAIL class_array 
 

